Determining if the pthread_create exist failed with the following output:
Change Dir: /home/lydakis/ros_ws/src/ros_gammon_rs485/build/CMakeFiles/CMakeTmp

Run Build Command:"/usr/bin/make" "cmTC_f03dc/fast"
/usr/bin/make -f CMakeFiles/cmTC_f03dc.dir/build.make CMakeFiles/cmTC_f03dc.dir/build
make[1]: Entering directory '/home/lydakis/ros_ws/src/ros_gammon_rs485/build/CMakeFiles/CMakeTmp'
Building C object CMakeFiles/cmTC_f03dc.dir/CheckSymbolExists.c.o
/usr/bin/cc     -o CMakeFiles/cmTC_f03dc.dir/CheckSymbolExists.c.o   -c /home/lydakis/ros_ws/src/ros_gammon_rs485/build/CMakeFiles/CMakeTmp/CheckSymbolExists.c
Linking C executable cmTC_f03dc
/usr/bin/cmake -E cmake_link_script CMakeFiles/cmTC_f03dc.dir/link.txt --verbose=1
/usr/bin/cc       CMakeFiles/cmTC_f03dc.dir/CheckSymbolExists.c.o  -o cmTC_f03dc -rdynamic 
CMakeFiles/cmTC_f03dc.dir/CheckSymbolExists.c.o: In function `main':
CheckSymbolExists.c:(.text+0x16): undefined reference to `pthread_create'
collect2: error: ld returned 1 exit status
CMakeFiles/cmTC_f03dc.dir/build.make:97: recipe for target 'cmTC_f03dc' failed
make[1]: *** [cmTC_f03dc] Error 1
make[1]: Leaving directory '/home/lydakis/ros_ws/src/ros_gammon_rs485/build/CMakeFiles/CMakeTmp'
Makefile:126: recipe for target 'cmTC_f03dc/fast' failed
make: *** [cmTC_f03dc/fast] Error 2

File /home/lydakis/ros_ws/src/ros_gammon_rs485/build/CMakeFiles/CMakeTmp/CheckSymbolExists.c:
/* */
#include <pthread.h>

int main(int argc, char** argv)
{
  (void)argv;
#ifndef pthread_create
  return ((int*)(&pthread_create))[argc];
#else
  (void)argc;
  return 0;
#endif
}

Determining if the function pthread_create exists in the pthreads failed with the following output:
Change Dir: /home/lydakis/ros_ws/src/ros_gammon_rs485/build/CMakeFiles/CMakeTmp

Run Build Command:"/usr/bin/make" "cmTC_78e6c/fast"
/usr/bin/make -f CMakeFiles/cmTC_78e6c.dir/build.make CMakeFiles/cmTC_78e6c.dir/build
make[1]: Entering directory '/home/lydakis/ros_ws/src/ros_gammon_rs485/build/CMakeFiles/CMakeTmp'
Building C object CMakeFiles/cmTC_78e6c.dir/CheckFunctionExists.c.o
/usr/bin/cc    -DCHECK_FUNCTION_EXISTS=pthread_create   -o CMakeFiles/cmTC_78e6c.dir/CheckFunctionExists.c.o   -c /usr/share/cmake-3.5/Modules/CheckFunctionExists.c
Linking C executable cmTC_78e6c
/usr/bin/cmake -E cmake_link_script CMakeFiles/cmTC_78e6c.dir/link.txt --verbose=1
/usr/bin/cc   -DCHECK_FUNCTION_EXISTS=pthread_create    CMakeFiles/cmTC_78e6c.dir/CheckFunctionExists.c.o  -o cmTC_78e6c -rdynamic -lpthreads 
/usr/bin/ld: cannot find -lpthreads
collect2: error: ld returned 1 exit status
CMakeFiles/cmTC_78e6c.dir/build.make:97: recipe for target 'cmTC_78e6c' failed
make[1]: *** [cmTC_78e6c] Error 1
make[1]: Leaving directory '/home/lydakis/ros_ws/src/ros_gammon_rs485/build/CMakeFiles/CMakeTmp'
Makefile:126: recipe for target 'cmTC_78e6c/fast' failed
make: *** [cmTC_78e6c/fast] Error 2


